<?xml version="1.0" encoding="UTF-8"?>
<!-- Generated by org.testng.reporters.JUnitXMLReporter -->
<testsuite ignored="2" hostname="Riteshs-MacBook-Air.local" failures="0" tests="2" name="Group Functionality" time="0.02" errors="0" timestamp="2024-02-15T21:13:45 IST">
  <testcase classname="com.testng.training.TestCaseGrouping" name="testCaseOne" time="0.005"/>
  <testcase classname="com.testng.training.TestCaseGrouping" name="testCaseTwo" time="0.0"/>
  <testcase classname="com.testng.training.TestCaseGrouping" name="testCaseFour" time="0.0">
    <ignored/>
  </testcase> <!-- testCaseFour -->
  <testcase classname="com.testng.training.TestCaseGrouping" name="testCaseThree" time="0.0">
    <ignored/>
  </testcase> <!-- testCaseThree -->
</testsuite> <!-- Group Functionality -->
