<?xml version="1.0" encoding="UTF-8"?>
<!-- Generated by org.testng.reporters.JUnitXMLReporter -->
<testsuite ignored="0" hostname="Riteshs-MacBook-Air.local" failures="0" tests="2" name="Test Parameters via XML file" time="0.007" errors="0" timestamp="2024-02-15T23:19:13 IST">
  <testcase classname="com.testng.training.TestParameters" name="testCaseOne" time="0.002"/>
  <testcase classname="com.testng.training.TestParameters" name="testCaseTwo" time="0.002"/>
</testsuite> <!-- Test Parameters via XML file -->
