<?xml version="1.0" encoding="UTF-8"?>
<!-- Generated by org.testng.reporters.JUnitXMLReporter -->
<testsuite ignored="0" hostname="Riteshs-MacBook-Air.local" failures="0" tests="3" name="Facebook Login Positive Case" time="0.082" errors="0" timestamp="2024-02-14T22:33:30 IST">
  <testcase classname="FaceBookLogin" name="loginWithInValidUserName" time="0.012"/>
  <testcase classname="FaceBookLogin" name="loginWithInvalidCredentials" time="0.001"/>
  <testcase classname="FaceBookLogin" name="loginWithValidCredentials" time="0.002"/>
</testsuite> <!-- Facebook Login Positive Case -->
