<?xml version="1.0" encoding="UTF-8"?>
<!-- Generated by org.testng.reporters.JUnitXMLReporter -->
<testsuite ignored="0" hostname="Riteshs-MacBook-Air.local" failures="0" tests="4" name="Sample Test Case for Package" time="0.009" errors="0" timestamp="2024-02-14T22:33:30 IST">
  <testcase classname="com.testng.training.SampleTestTwo" name="sampleTestTwoMethodOne" time="0.001"/>
  <testcase classname="com.testng.training.SampleTestTwo" name="sampleTestTwoMethodTwo" time="0.0"/>
  <testcase classname="com.testng.training.SampleTestOne" name="sampleTestOneMethodOne" time="0.001"/>
  <testcase classname="com.testng.training.SampleTestOne" name="sampleTestOneMethodTwo" time="0.001"/>
</testsuite> <!-- Sample Test Case for Package -->
