<?xml version="1.0" encoding="UTF-8"?>
<!-- Generated by org.testng.reporters.JUnitXMLReporter -->
<testsuite ignored="0" hostname="Riteshs-MacBook-Air.local" failures="0" tests="2" name="Default test" time="0.021" errors="0" timestamp="2024-02-15T22:02:20 IST">
  <testcase classname="com.testng.dataprovider.TestParameterExample" name="testAddition" time="0.006"/>
  <testcase classname="com.testng.dataprovider.TestParameterExample" name="testAddition" time="0.0"/>
</testsuite> <!-- Default test -->
