<?xml version="1.0" encoding="UTF-8"?>
<!-- Generated by org.testng.reporters.JUnitXMLReporter -->
<testsuite ignored="0" hostname="Riteshs-MacBook-Air.local" failures="0" tests="3" name="Unit Test" time="0.009" errors="0" timestamp="2024-02-15T23:19:13 IST">
  <testcase classname="com.testng.dataprovider.DataProviderParameterExample" name="commonScenarios" time="0.002"/>
  <testcase classname="com.testng.dataprovider.DataProviderParameterExample" name="scenario1" time="0.0"/>
  <testcase classname="com.testng.dataprovider.DataProviderParameterExample" name="scenario2" time="0.0"/>
</testsuite> <!-- Unit Test -->
